001@gmail.com
003@yahoo.comwplugin.dllws2help.dllinf
0@B6.JD
0@.bss
0@.idata
0microsoft.cyber.observationdetectors.pdbonecyberft@microsoft.commicrosoft.cyber.observationdetectors.dllmicrosoft.cyber.observationdetectorssystem.collections.generic.ienume
.0.@.P.
0.@.P.
0.@.P.p.
0@.reloc
1000@222E111C...
.@.1.1.B.B.B.
1942bigbob0000001@gmail.com
1anonymous@123.com
1dev@minergate.comdev
1@..H
1hvez1jz7bwgbypxqcvwtkja3a9hsna9eh1drasxw4ckad1bcs9m2dutduhi3fkqqnzf1h5u6qj87sjf4plrzsyzumzwgsnwmqeenn0x92420e4d96e5a2ebc617f1225e92ca82e24b03ef0x9f707696b8d93c0dbda1542b31cb4b01c0c5b1a2qzuexhcqmkzcdazq6jjk69hkhgnme25c35s9tamz6ft1jbenujx2wsyeznzxsjdsqbzdqumcf8kbzhappy.vlmi1@gmail.comsha
1ia@dimumpr.sasisb
1zs@.zs
20dfs@keemail.me
212.117.176.18794.75.201.1@.uacdll
27@yandex.co
2@.BY
2cv@.zv
2@.fK
333@111d...G
3666927468-2225383533@mail.projektitan.com
428@-73.IBB
4ff6a86d44f59@4ff6a86d44f93.info
4M7@T.UK
51d15c58d6f18@51d15c58d6f51.com
555@--.EZ
55E918C2719754F50D310B0733E21FD30C24DEB0C117B226DD7EBF9EBB50F60128CF7AB56A9C57FF2CC66D2FCA41E77EAF7793AA57E90222CE63890B063CEE19CB127FA5519B52C977B75E78F50C3EE81BDDB073A249FD7DA05D8390AAAFB043E571F733DA182EDDB84AFB4AE464ED04243339FFBD6BD80E6B87BB0877C44CFE2DCC0F220C2BCBAD8A9C42243EC34DE7006F8EAB59E400668FAF55D65BF87BDD0222D5E10033C472E551D80V.1.5.@..C.
5@5.Gy
6220@qq.com
8@.JHK
8k@.Xc
8o@oE.M.U
96@.WlII
9@AAO..AA..
9aidanl@ntdev.microsoft.com
9dl.imobie.comcom.imobie.maccleantnt4mac@tuta.io
-@.A.
.@.A.
.@.A.A.
.@.A.A.A.
.@.A.B.C.D.E.F.G.H
.@.A.B.C.D.E.F.G.H.I.J.K.L.M
.@.A.B.C.D.E.F.G.H.I.J.K.L.M.N.O.P.Q.R.S.T.U.V.
.@.A.B.C.D.E.F.G.H.I.J.K.L.M.N.O.P.Q.R.S.T.U.V.W.X.Y.Z.
ac@acabogacia.org
accv@accv.es
a-cert@argedaten.at
acrse@economia.gob.mx
actmonpro5@actmonpro.com
addlyrics@addlyrics.nets
addon@Vonteera.comSof
AD@.DU
admin_ca@mtin.es
admin@digsigtrust.com
administration@avanite.com
admin@netcheckpost.com
aes128-gcm@openssh.com
aes256-gcm@openssh.com
aidanl@microsoft.com
ali_kaptanoglu@hotmail.com
AllF@appwiz.cpl
ance@certification.tn
ancert@ancert.com
appro@openssl.org
armdarm@nownuri.net.armdarm.co.krtel
ath-4txop@jxsqdueil.net
atos1.1@yandex.com
auth-agent@openssh.com
auth-agent-req@openssh.com
avsupport@autoitscript.com
.@.B.
B1PFkYtDbxQRTv8Xse77u7wYG5bht8QB6e218jAZHhC8uy13n2Ym7YTTmTBfr9r8tivDMsociopatii@yahoo.comcag
BabylonBingToolbar-loudmo.exeregister@havingfunonline.com
Bagle.O@mm.dr
barak@komodia.com
B.B.B.@.B.
B@comp.id
bitmonero-mastersimpleminer.cppvasrashpil@gmail.comlog
B@.QZ
brad.shaffer@yandex.com
broncoder@gmail.com
Brontok@mm.gen
bsuporte@calcfacil.com.brC
BT@Piexplore.exehtt
byecyber@crime.govwin
.@..c.
C2LE@Mz.uM
.C.3.5.5.0@.M.
ca@digsigtrust.com
ca@firmaprofesional.com
calendar@moonscript.com
cancel-streamlocal-forward@openssh.com
caoperator@disig.sk
ca@ptt-post.nl
C@.dL
c@echooffstartrundll32.exe
certificate@trustcenter.de
cert@paycomputermonitoring.com
chacha20-poly1305@openssh.com
chambersignroot@chambersign.org
chambersroot@chambersign.org
c@.JS
C@k.VF
c-m58@mail.ru
companionkvstool@kvstool.com
contacts@dayzgames.com
contact@tutoriales100.comcon
contato@tavinhomota.com.br
Corp.TinyECL@yahoogroups.comhp.sharepoint.commax.tuinst
correo_cert@correo.com.uy
cps@netlock.net.
CPS-requests@verisign.com
C@renameqox.pmd
c_restore@protonmail.com
cryptom27@yandex.com
cscasha2@certum.pl
cscreenviewproc@doraemon.dll
csp@infonotary.com
curve25519-sha256@libssh.org
cvmb@hotmail.comsv
cygwin@cygwin.com
danfrankme@gmail.com
dataissafe@mail.com
dataissafe@protonmail.com
.data@.rsrcop
D.@.D.
DD8@p.AA
d@.EAUaU.eAuau
decryptcn@protonmail.ch
decrypthelp@mail15.com
defsearchp@gmail.com
developers@xpressengine.com
direct-streamlocal@openssh.com
D@.OEDC
dowbrokers@yandex.ruc
download.dymanet.combignetdaddy.comdownload.trueads.register@havingfunonline.com
dreg@fr33project.org
D@tUSER32.DLL
duncan@ogilvie.gq
e1@gmx.usI
ec_acc@catcert.net
ecdsa-sha2-nistp256-cert-v01@openssh.com
ecdsa-sha2-nistp384-cert-v01@openssh.com
ecdsa-sha2-nistp521-cert-v01@openssh.com
ellenorzes@netlock.net
eow@openssh.com
.exe@renameacro2.pmd
.exe@renameadbe2.pmd
.exe@renameadobe2.pmd
.exe@renamebcro2.pmd
.exe@renamebdbe2.pmd
E@.xo
extacylife@a.com
extensions.plugin@getwebcake.com.descri
f8actualspyrep@gmail.comsup
FastReportstorebrasil.com.brCamaraDeCompensacaoDeTransportescamilo@nbti.com.br
fedexpressposts@outlook.com
.@.F.L.R.X.
_fndot@16desktop.ini
F@.OF
forwarded-streamlocal@openssh.com
FreeWorkzSettingscontent.freeworkzgames.comlinks@freeworkz.com
fstatvfs@openssh.com
fsync@openssh.com
f@window.asldfk
F@window.open
ggEC@777111.0...
GN@.GT
gold-certs@saunalahti.fi
h@2.mS
happy.vlmi1@gmail.com
hardlink@openssh.com
h@.as
h@..AVW
h@.cuj
hernan@ampliasecurity.com
hg@.hA
h@g.nQ
hj@.hj
h@.Lr
hmac-md5-96-etm@openssh.com
hmac-md5-etm@openssh.com
hmac-ripemd160-etm@openssh.com
hmac-ripemd160@openssh.com
hmac-sha1-96-etm@openssh.com
hmac-sha1-etm@openssh.com
hmac-sha2-256-etm@openssh.com
hmac-sha2-512-etm@openssh.com
hniksic@srce.hr
h@.pmV
H@s.Wh
hUACODERSpyGate-RATfr@hotmail.frKhal
h@.WoV
I@com.shopsmart.mycouponsmart.tuya
ieuser@dev.modern.ie
ieuser@microsoft.com
ieuser@modern.ie
ieuser@www.jam-software.de
igca@sgdn.pm.gouv.fr
.Ii@.IiT.Ii
IIt@It.It
i@.li
imissyou@btamail.net.cnrcpt
in3rn@meclient_build_stpauligirl_bis.180solutions.com
Inc.wlogsupload@download.webroot.com
info@aadobetech.comwinasys.exevhxdef32.exesplman32.exehxsys32.exe
info@a-cert.at
info@adobescripting.com
info@anf.es
info@diginotar.nl
info@d-trust.net
info@e-szigno.hu
info@excelvba.ru
info@globaltrust.info
info@izenpe.com
Info@izenpe.com
info@morris2uk.comi
info@netlock.hu
info@netlock.net
info@safetica.com
info@valicert.com
ips@mail.ips.es
ip.txtqq.exe365206988@qq.com
IQIYIsetup_senxing@kb010.exeSoHuVA_4.5.77.0-c207715-nti-ng-tp-s.exehtt
i@_stream.loadfr
iVq0xhg@p.yRg
j@1.AA.0AA0.AB
jamie.levy@gmail.com
j@bancodobrasil.com.br
jidemarvel1313@gmail.com
JI@I.GD
jingjingjingkugool.sy@gmail.com
john.barker446@gmail.com
J@.open
k1rascol@aikmel.or.id
kbabone007@gmail.com
keepalive@openssh.com
keycodeconstants@.vbkeyp
KMS-R@1nHook.dllK
kodybeattie05@jetsmails.com
kurupira@kurupira.net
l0@.kM
landingpages.playsushi.comtextlinks@playsushi.compstext.dll
lan-smtp@exmanager.com.br
_ldr@16desktop.iniret
LFX24@LFX2S9RevivalMF.New.xls
license@prestashop.comsow
lillianefoundatio2@qq.com
l@KALAOASAkAlAoAsAPCpCUDuD.EDEdEG
ll@wucltux.dll
lockme9hg1f7pbwqthut9p8@mailfence.coml
lockmecqql3ruy7v0rfz@protonmail.coml
M.@.5.7.3.R..C.
-m58@mail.ruthan
magit@magit.com
mail@gutscheinrausch.de.xpi
mail@gutscheinrausch.de.xpiIns
mamami@givmail.com
me@oleres.dll
minergate@minergate.com
minergate@minergate.combfg
msnhola@hotmail.comStA
mvasilchuk@gmail.com
M@zipfldr.dll
N1799606220@qq.com
n49.t@aom-.org
nd@networkexplorer.dll
ninogaGBDialerGBDIALLER1CZDIALLERsupport@global-acces.comLa
n@..n
no-more-sessions@openssh.com
ntsbvt@microsoft.com
n@.tZ
nulechocontactingantivirus...@ping.exe
nulechofilerecognizedassisdpygnfg32.bat@ping.exe
objekt@exploit.im
office1@contact01.doc
office1@contact01_.exe
.oqX.oq@.oq
O@...R
.@.P.
P@2.zC
P.@.6..5.3.6.U.R.
parentalcontrolsolutions@gmail.com
password@server.tld
pdfforge@mybrowserbar.com
personal-basic@thawte.com
personal-freemail@thawte.com
personal-premium@thawte.com
peter_x@atompark.com
Pi@.Rh
pkiadmin@trustcentre.co.za
pki-ops@trustdst.com
pki@sk.ee
plugin3@gameplaylabs.com
plugin@getwebcake.com
plugin@videofiledownload.com
plugin@webcake.com
p@oleres.dll
port@actualspyftp.actualspy.comdir
posix-rename@openssh.com
premium-server@thawte.com
protect_and_security@tutamail.com
psafe@psafe.com
PSSh@.xp
p.tip@P.impo
publicnotaryroot@chambersign.org
PVVh@.xp
QBA@ppn.Ippp
qE@USERENV.dll
q@.IEPlug
qqdadao_admin@163.comSof
ra@hp.com
r..c.@.r.d
.R.DD.@.D.
re1972@protonmail.com
repacomre1972@protonmail.com
report@gmail.compos
resu@.de
resume@appgate.com
_rev@16desktop.inir
rijndael-cbc@lysator.liu.se
r@.MQK
r@regsvc.dll
saaman10@outlook.com
sales@komodia.com
sales@wijmo.com
sclientes@ccs.cl
scott.hammersley@covenanteyes.com
scraplixoeletronico97@yahoo.com.brsist
scr@registradores.org
sector9@BlackWater.com
Sector9@BlackWater.com
sendorisiteproduction@sendori.com
server-certs@thawte.com
shadowbrokers@yandex.ru
Shadowtrooper@gcf.de
shopen@aventgrup.net
s@hotmail.com
SIG@openssh.com
silver-certs@saunalahti.fi
skype.exesmtp.mail.yahoo.com.br@hotmail.com
s@members.3322.org
.sm@.sm
snmpinfo@microsoft.com
spyatihideapp@full-spy.com
ssh-dss-cert-v00@openssh.com
ssh-dss-cert-v01@openssh.com
ssh-ed25519-cert-v01@openssh.com
ssh-rsa-cert-v00@openssh.com
ssh-rsa-cert-v01@openssh.com
statvfs@openssh.com
st@explorer.exe
stext001.001@adbe2.exe
stext002.002@bcro2.exe
st@networkexplorer.dll
streamlocal-forward@openssh.com
SunGard@td.com
suport@spyarsenal.com
support2@actmon.comcur
support@av-support.org
support@easy-hide-ip.com
support@edgewave.com
support@e-safesystems.com.my
support@eurekalog.com
support@eznet.co.uk
support@parentsonpatrol.org
support@privacy-center.comuns
support@qustodio.com
support@ultimatekeylogger.cominc
support@widestep.comone
s@wijmo.com
systemjhocko9001@gmail.comDB
Sy@tcpipcfg.dll
szJ@.WSH
t0001@gmail.comrec
T@..AA..
tact@tuto4pc.com
Target@Microsoft.PowerShell.Commands.Invoke
t@.bH
tb@zoomify.comt
TC8@.uU
TextFile@SavingautoGetKbd.dllautoScreenShot.dllexe
text_links@arcadeweb.com
textlinks@arcadeweb.com
textlinks@lplay.comlp
t@gpapi.dll
.@.Th
thanatos1.1@yandex.com
t@Ht.Ht
t@.it
t@It.It
tl87@.........P
TL@.TL
tOJt@Jt.Jt
troy2ft@gmail.com
t.schorer@dewi.de
ts@verisign.co
tun@openssh.com
t@.zt
U@echoobjxmlhttp.open
umac-128-etm@openssh.com
umac-128@openssh.com
umac-64-etm@openssh.com
umac-64@openssh.com
uninstaller@outerinfo.com
uninstall@securize.biz
upgrade.center@hotmail.com
user@smartftp.com
uwxjxt@aeiia-.com
UyrmzirvhUrmgvinvwrzgvUdkuUhbhgvnOkirmgrmtOmzgrevkilqPBDFAACBHGCUlyqiUcIGUdrmDCrmxOlyq@System.Printi
v1windows@.windowsz1system32b.system32v2cmd.exe
veggy@veggyAddon.com
victor@rusal.ru
Vista@gn.microsoft.com
vlmi1@gmail.co
v@.OD
W0fhW0fpW0f@.vf
W.A@W.ARW.A
w@comres.dll
werty@usa.netSub
win.comntdetect.comwww.prodexteam.netcorpse@mailserver.ruexit
winlogon192.168.0.151.164.1.8212.101.97.7151.164.23.201ege.edu.trwww.bigglook.comsystemdna@yahoo.com
winwebsecurity.exeeurekalog@email.combug
wisest@vip.qq.com
wJ@.yJ
wno@vt.cr
w@.QL
-W@temppol.inf.
Wukill@mm.gen
X9_sgtadamshe@outlook.com
x@.A.D.EVI_IvIFMfM_NMOmO.PIPXPY
x@ethermine.org
x@gmail.com
y@Gmemory.writep
your-email@-here-.com
.Yqx.Yq@.Yq
y@window.location.href
zamq8g@zdk-uoy.net
ZCYsales@wijmo.com
zhengqprivacy@outlook.com
zhuabcn@yahoo.com
zlib@openssh.com
.ZpX.Zp@.Zp
zreportz@gmail.comset
zwelithinig3@gmail.com
